<?xml version="1.0" encoding="UTF-8"?>
<!-- Generated by org.testng.reporters.JUnitReportReporter -->
<testsuite skipped="0" hostname="Manidiptas-MacBook-Pro.local" name="com.qa.travel.testcases.TC01_LoginPageTest" tests="1" failures="0" timestamp="05 Mar 2020 18:27:26 GMT" time="1.983" errors="0">
  <testcase name="validateLoginApplicationTest" time="1.983" classname="com.qa.travel.testcases.TC01_LoginPageTest"/>
</testsuite> <!-- com.qa.travel.testcases.TC01_LoginPageTest -->
